<?xml version="1.0" encoding="UTF-8"?>
<!-- Generated by org.testng.reporters.JUnitReportReporter -->
<testsuite hostname="DESKTOP-U5B1BD3" failures="0" tests="1" name="reports.attach_logo" time="12.321" errors="0" timestamp="2023-04-17T19:00:06 IST" skipped="0">
  <testcase classname="reports.attach_logo" name="logo" time="12.321"/>
  <system-out/>
</testsuite> <!-- reports.attach_logo -->
