<?xml version="1.0" encoding="UTF-8"?>
<!-- Generated by org.testng.reporters.JUnitReportReporter -->
<testsuite hostname="DESKTOP-U5B1BD3" failures="0" tests="1" name="reports.week2day" time="3.414" errors="0" timestamp="2023-04-17T15:37:19 IST" skipped="0">
  <testcase classname="reports.week2day" name="before_Class" time="3.414"/>
  <system-out/>
</testsuite> <!-- reports.week2day -->
