<?xml version="1.0" encoding="UTF-8"?>
<!-- Generated by org.testng.reporters.JUnitReportReporter -->
<testsuite hostname="DESKTOP-U5B1BD3" failures="0" tests="1" name="reports.week" time="5.183" errors="0" timestamp="2023-04-17T15:14:22 IST" skipped="0">
  <testcase classname="reports.week" name="before_Class" time="5.183"/>
  <system-out/>
</testsuite> <!-- reports.week -->
