<?xml version="1.0" encoding="UTF-8"?>
<!-- Generated by org.testng.reporters.JUnitReportReporter -->
<testsuite hostname="DESKTOP-U5B1BD3" failures="0" tests="1" name="reports.log_json" time="43.509" errors="0" timestamp="2023-04-17T16:52:12 IST" skipped="0">
  <testcase classname="reports.log_json" name="json" time="43.509"/>
  <system-out/>
</testsuite> <!-- reports.log_json -->
