<?xml version="1.0" encoding="UTF-8"?>
<!-- Generated by org.testng.reporters.JUnitReportReporter -->
<testsuite hostname="DESKTOP-U5B1BD3" failures="0" tests="1" name="reports.customizing_report" time="1.508" errors="0" timestamp="2023-04-17T18:07:50 IST" skipped="0">
  <testcase classname="reports.customizing_report" name="json" time="1.508"/>
  <system-out/>
</testsuite> <!-- reports.customizing_report -->
