<?xml version="1.0" encoding="UTF-8"?>
<!-- Generated by org.testng.reporters.JUnitReportReporter -->
<testsuite hostname="DESKTOP-U5B1BD3" failures="0" tests="3" name="framework.test_implement_extend" time="0.025" errors="0" timestamp="2023-04-18T12:56:51 IST" skipped="0">
  <testcase classname="framework.test_implement_extend" name="newTest" time="0.016"/>
  <system-out/>
  <testcase classname="framework.test_implement_extend" name="secondTest" time="0.004"/>
  <system-out/>
  <testcase classname="framework.test_implement_extend" name="thirdstatus" time="0.005"/>
  <system-out/>
</testsuite> <!-- framework.test_implement_extend -->
